## Explain plan for
explain
select * from elephas_training_set

STAGE DEPENDENCIES:
2	  Stage-0 is a root stage
3	
4	STAGE PLANS:
5	  Stage: Stage-0
6	    Fetch Operator
7	      limit: -1
8	      Processor Tree:
9	        TableScan
10	          alias: elephas_training_set
11	          Statistics: Num rows: 516384 Data size: 644448064 Basic stats: COMPLETE Column stats: NONE
12	          Select Operator
13	            expressions: object_id (type: int), target (type: int), meta (type: array<double>), band (type: array<int>), mjd (type: array<float>), flux (type: array<float>), flux_err (type: array<float>), detected (type: array<int>), fwd_int (type: array<float>), bwd_int (type: array<float>), source_wavelength (type: array<float>), received_wavelength (type: array<float>)
14	            outputColumnNames: _col0, _col1, _col2, _col3, _col4, _col5, _col6, _col7, _col8, _col9, _col10, _col11
15	            Statistics: Num rows: 516384 Data size: 644448064 Basic stats: COMPLETE Column stats: NONE
16	            ListSink
